#HIPASS  runid Filt_NB Filt_R   Ngal path_on_singg.ivec.org                          Rband_image        NarrowBand_image      Net_Halpha_image
J0005-28 Run06 6568/28 R_Harris  1  /Users/meurer/SINGG/HSINGG/Run06/Proc4/J0005-28/ J0005-28_R_ss.fits J0005-28_6568_ss.fits J0005-28_Rsub_ss.fits
J0008-34 Run15 6563/75 R_Harris  1  /Users/meurer/SINGG/HSINGG/Run15/Proc4/J0008-34/ J0008-34_R_ss.fits J0008-34_6563_ss.fits J0008-34_Rsub_ss.fits
J0008-59 Run12 6653/68 R_Harris  1  /Users/meurer/SINGG/HSINGG/Run12/Proc4/J0008-59/ J0008-59_R_ss.fits J0008-59_6653_ss.fits J0008-59_6653_Rsub_ss.fits
J0008-59 Run12 6709/71 R_Harris  1  /Users/meurer/SINGG/HSINGG/Run12/Proc4/J0008-59/ J0008-59_R_ss.fits J0008-59_6709_ss.fits J0008-59_6709_Rsub_ss.fits
J0014-23 Run12 6568/28 R_Harris  1  /Users/meurer/SINGG/HSINGG/Run12/Proc4/J0014-23/ J0014-23_R_ss.fits J0014-23_6568_ss.fits J0014-23_Rsub_ss.fits
J0019-22 Run06 6568/28 R_Harris  1  /Users/meurer/SINGG/HSINGG/Run06/Proc4/J0019-22/ J0019-22_R_ss.fits J0019-22_6568_ss.fits J0019-22_Rsub_ss.fits
J0031-22 Run06 6568/28 R_Harris  1  /Users/meurer/SINGG/HSINGG/Run06/Proc4/J0031-22/ J0031-22_R_ss.fits J0031-22_6568_ss.fits J0031-22_Rsub_ss.fits
J0039-14a Run06 6605/32 R_Harris  1  /Users/meurer/SINGG/HSINGG/Run06/Proc4/J0039-14a/ J0039-14a_R_ss.fits J0039-14a_6605_ss.fits J0039-14a_Rsub_ss.fits
J0043-22 Run06 6568/28 R_Harris  1  /Users/meurer/SINGG/HSINGG/Run06/Proc4/J0043-22/ J0043-22_R_ss.fits J0043-22_6568_ss.fits J0043-22_Rsub_ss.fits
J0045-15 Run07 6568/28 R_Harris  1  /Users/meurer/SINGG/HSINGG/Run07/Proc4/J0045-15/ J0045-15_R_ss.fits J0045-15_6568_ss.fits J0045-15_Rsub_ss.fits
J0045-15 Run11 6595/36 R_Harris  1  /Users/meurer/SINGG/HSINGG/Run11/Proc4/J0045-15/ J0045-15_R_ss.fits J0045-15_6595_ss.fits J0045-15_Rsub_ss.fits
J0047-09 Run12 6595/36 R_Harris  1  /Users/meurer/SINGG/HSINGG/Run12/Proc4/J0047-09/ J0047-09_R_ss.fits J0047-09_6595_ss.fits J0047-09_Rsub_ss.fits
J0047-25 Run15 6563/75 R_Harris  1  /Users/meurer/SINGG/HSINGG/Run15/Proc4/J0047-25/ J0047-25_R_ss.fits J0047-25_6563_ss.fits J0047-25_Rsub_ss.fits
J0049-20 Run07 6568/28 R_Harris  1  /Users/meurer/SINGG/HSINGG/Run07/Proc4/J0049-20/ J0049-20_R_ss.fits J0049-20_6568_ss.fits J0049-20_Rsub_ss.fits
J0049-20 Run11 6568/28 R_Harris  1  /Users/meurer/SINGG/HSINGG/Run11/Proc4/J0049-20/ J0049-20_R_ss.fits J0049-20_6568_ss.fits J0049-20_Rsub_ss.fits
J0049-20 Run12 6568/28 R_Harris  1  /Users/meurer/SINGG/HSINGG/Run12/Proc4/J0049-20/ J0049-20_R_ss.fits J0049-20_6568_ss.fits J0049-20_Rsub_ss.fits
J0052-31 Run11 6605/32 R_Harris  1  /Users/meurer/SINGG/HSINGG/Run11/Proc4/J0052-31/ J0052-31_R_ss.fits J0052-31_6605_ss.fits J0052-31_Rsub_ss.fits
J0101-07 Run07 6568/28 R_Harris  1  /Users/meurer/SINGG/HSINGG/Run07/Proc4/J0101-07/ J0101-07_R_ss.fits J0101-07_6568_ss.fits J0101-07_Rsub_ss.fits
J0101-07 Run11 6595/36 R_Harris  1  /Users/meurer/SINGG/HSINGG/Run11/Proc4/J0101-07/ J0101-07_R_ss.fits J0101-07_6595_ss.fits J0101-07_Rsub_ss.fits
J0135-41 Run06 6568/28 R_Harris  1  /Users/meurer/SINGG/HSINGG/Run06/Proc4/J0135-41/ J0135-41_R_ss.fits J0135-41_6568_ss.fits J0135-41_Rsub_ss.fits
J0140-05 Run12 6595/36 R_Harris  2  /Users/meurer/SINGG/HSINGG/Run12/Proc4/J0140-05/ J0140-05_R_ss.fits J0140-05_6595_ss.fits J0140-05_Rsub_ss.fits
J0145-43 Run01 6568/28 R_Harris  1  /Users/meurer/SINGG/HSINGG/Run01/Proc4/J0145-43/ J0145-43_R_ss.fits J0145-43_6568_ss.fits J0145-43_Rsub_ss.fits
J0156-68 Run06 6605/32 R_Harris  1  /Users/meurer/SINGG/HSINGG/Run06/Proc4/J0156-68/ J0156-68_R_ss.fits J0156-68_6605_ss.fits J0156-68_Rsub_ss.fits
J0205-55a Run12 6709/71 R_Harris  8  /Users/meurer/SINGG/HSINGG/Run12/Proc4/J0205-55a/ J0205-55a_R_ss.fits J0205-55a_6709_ss.fits J0205-55a_Rsub_ss.fits
J0209-10 Run02 6653/68 R_Harris  4  /Users/meurer/SINGG/HSINGG/Run02/Proc4/J0209-10/ J0209-10_R_ss.fits J0209-10_6653_ss.fits J0209-10_Rsub_ss.fits
J0216-11c Run02 6653/68 R_Harris  1  /Users/meurer/SINGG/HSINGG/Run02/Proc4/J0216-11c/ J0216-11c_R_ss.fits J0216-11c_6653_ss.fits J0216-11c_Rsub_ss.fits
J0217-76 Run13 6738/50 R_Harris  3  /Users/meurer/SINGG/HSINGG/Run13/Proc4/J0217-76/ J0217-76_R_ss.fits J0217-76_6738_ss.fits J0217-76_Rsub_ss.fits
J0221-05 Run02 6619/73 R_Harris  2  /Users/meurer/SINGG/HSINGG/Run02/Proc4/J0221-05/ J0221-05_R_ss.fits J0221-05_6619_ss.fits J0221-05_Rsub_ss.fits
J0223-04 Run02 6619/73 R_Harris  1  /Users/meurer/SINGG/HSINGG/Run02/Proc4/J0223-04/ J0223-04_R_ss.fits J0223-04_6619_ss.fits J0223-04_Rsub_ss.fits
J0224-24 Run02 6653/68 R_Harris  2  /Users/meurer/SINGG/HSINGG/Run02/Proc4/J0224-24/ J0224-24_R_ss.fits J0224-24_6653_ss.fits J0224-24_Rsub_ss.fits
J0230-02 Run15 6693/76 R_Harris  3  /Users/meurer/SINGG/HSINGG/Run15/Proc4/J0230-02/ J0230-02_R_ss.fits J0230-02_6696_ss.fits J0230-02_Rsub_ss.fits
J0234-10 Run15 6693/76 R_Harris  2  /Users/meurer/SINGG/HSINGG/Run15/Proc4/J0234-10/ J0234-10_R_ss.fits J0234-10_6696_ss.fits J0234-10_Rsub_ss.fits
J0240-08 Run06 6605/32 R_Harris  1  /Users/meurer/SINGG/HSINGG/Run06/Proc4/J0240-08/ J0240-08_R_ss.fits J0240-08_6605_ss.fits J0240-08_Rsub_ss.fits
J0241+00 Run12 6595/36 R_Harris  1  /Users/meurer/SINGG/HSINGG/Run12/Proc4/J0241+00/ J0241+00_R_ss.fits J0241+00_6595_ss.fits J0241+00_Rsub_ss.fits
J0242+00 Run12 6595/36 R_Harris  1  /Users/meurer/SINGG/HSINGG/Run12/Proc4/J0242+00/ J0242+00_R_ss.fits J0242+00_6595_ss.fits J0242+00_Rsub_ss.fits
J0246-30 Run15 6595/36 R_Harris  1  /Users/meurer/SINGG/HSINGG/Run15/Proc4/J0246-30/ J0246-30_R_ss.fits J0246-30_6595_ss.fits J0246-30_Rsub_ss.fits
J0249-02 Run12 6595/36 R_Harris  1  /Users/meurer/SINGG/HSINGG/Run12/Proc4/J0249-02/ J0249-02_R_ss.fits J0249-02_6595_ss.fits J0249-02_Rsub_ss.fits
J0256-54 Run01 6568/28 R_Harris  1  /Users/meurer/SINGG/HSINGG/Run01/Proc4/J0256-54/ J0256-54_R_ss.fits J0256-54_6568_ss.fits J0256-54_Rsub_ss.fits
J0258-74 Run12 6653/68 R_Harris  4  /Users/meurer/SINGG/HSINGG/Run12/Proc4/J0258-74/ J0258-74_R_ss.fits J0258-74_6653_ss.fits J0258-74_Rsub_ss.fits
J0307-31 Run12 6653/68 R_Harris  1  /Users/meurer/SINGG/HSINGG/Run12/Proc4/J0307-31/ J0307-31_R_ss.fits J0307-31_6653_ss.fits J0307-31_Rsub_ss.fits
J0309-41 Run01 6568/28 R_Harris  1  /Users/meurer/SINGG/HSINGG/Run01/Proc4/J0309-41/ J0309-41_R_ss.fits J0309-41_6568_ss.fits J0309-41_Rsub_ss.fits
J0309-41 Run11 6595/36 R_Harris  1  /Users/meurer/SINGG/HSINGG/Run11/Proc4/J0309-41/ J0309-41_R_ss.fits J0309-41_6595_ss.fits J0309-41_Rsub_ss.fits
J0310-33 Run13 6595/36 R_Harris  1  /Users/meurer/SINGG/HSINGG/Run13/Proc4/J0310-33/ J0310-33_R_ss.fits J0310-33_6595_ss.fits J0310-33_Rsub_ss.fits
J0310-39 Run06 6568/28 R_Harris  1  /Users/meurer/SINGG/HSINGG/Run06/Proc4/J0310-39/ J0310-39_R_ss.fits J0310-39_6568_ss.fits J0310-39_Rsub_ss.fits
J0310-39 Run11 6568/28 R_Harris  1  /Users/meurer/SINGG/HSINGG/Run11/Proc4/J0310-39/ J0310-39_R_ss.fits J0310-39_6568_ss.fits J0310-39_Rsub_ss.fits
J0314-04 Run02 6619/73 R_Harris  1  /Users/meurer/SINGG/HSINGG/Run02/Proc4/J0314-04/ J0314-04_R_ss.fits J0314-04_6619_ss.fits J0314-04_Rsub_ss.fits
J0317-22 Run02 6653/68 R_Harris  1  /Users/meurer/SINGG/HSINGG/Run02/Proc4/J0317-22/ J0317-22_R_ss.fits J0317-22_6653_ss.fits J0317-22_Rsub_ss.fits
J0317-37 Run12 6595/36 R_Harris  1  /Users/meurer/SINGG/HSINGG/Run12/Proc4/J0317-37/ J0317-37_R_ss.fits J0317-37_6595_ss.fits J0317-37_Rsub_ss.fits
J0317-37 Run13 6595/36 R_Harris  1  /Users/meurer/SINGG/HSINGG/Run13/Proc4/J0317-37/ J0317-37_R_ss.fits J0317-37_6595_ss.fits J0317-37_Rsub_ss.fits
J0317-41 Run06 6568/28 R_Harris  1  /Users/meurer/SINGG/HSINGG/Run06/Proc4/J0317-41/ J0317-41_R_ss.fits J0317-41_6568_ss.fits J0317-41_Rsub_ss.fits
J0317-66 Run12 6568/28 R_Harris  1  /Users/meurer/SINGG/HSINGG/Run12/Proc4/J0317-66/ J0317-66_R_ss.fits J0317-66_6568_ss.fits J0317-66_Rsub_ss.fits
J0317-66 Run13 6600/75 R_Harris  1  /Users/meurer/SINGG/HSINGG/Run13/Proc4/J0317-66/ J0317-66_R_ss.fits J0317-66_6600_ss.fits J0317-66_Rsub_ss.fits
J0320-52 Run06 6568/28 R_Harris  1  /Users/meurer/SINGG/HSINGG/Run06/Proc4/J0320-52/ J0320-52_R_ss.fits J0320-52_6568_ss.fits J0320-52_Rsub_ss.fits
J0322-04 Run02 6653/68 R_Harris  1  /Users/meurer/SINGG/HSINGG/Run02/Proc4/J0322-04/ J0322-04_R_ss.fits J0322-04_6653_ss.fits J0322-04_Rsub_ss.fits
J0325-36b Run11 6595/36 R_Harris  2  /Users/meurer/SINGG/HSINGG/Run11/Proc4/J0325-36b/ J0325-36b_R_ss.fits J0325-36b_6595_ss.fits J0325-36b_Rsub_ss.fits
J0325-52 Run15 6595/36 R_Harris  2  /Users/meurer/SINGG/HSINGG/Run15/Proc4/J0325-52/ J0325-52_R_ss.fits J0325-52_6595_ss.fits J0325-52_Rsub_ss.fits
J0328-08 Run15 6595/36 R_Harris  1  /Users/meurer/SINGG/HSINGG/Run15/Proc4/J0328-08/ J0328-08_R_ss.fits J0328-08_6595_ss.fits J0328-08_Rsub_ss.fits
J0331-51 Run13 6595/36 R_Harris  1  /Users/meurer/SINGG/HSINGG/Run13/Proc4/J0331-51/ J0331-51_R_ss.fits J0331-51_6595_ss.fits J0331-51_Rsub_ss.fits
J0333-50 Run01 6568/28 R_Harris  1  /Users/meurer/SINGG/HSINGG/Run01/Proc4/J0333-50/ J0333-50_R_ss.fits J0333-50_6568_ss.fits J0333-50_Rsub_ss.fits
J0334-51 Run07 6568/28 R_Harris  1  /Users/meurer/SINGG/HSINGG/Run07/Proc4/J0334-51/ J0334-51_R_ss.fits J0334-51_6568_ss.fits J0334-51_Rsub_ss.fits
J0334-51 Run11 6595/36 R_Harris  1  /Users/meurer/SINGG/HSINGG/Run11/Proc4/J0334-51/ J0334-51_R_ss.fits J0334-51_6595_ss.fits J0334-51_Rsub_ss.fits
J0335-24 Run13 6605/32 R_Harris  1  /Users/meurer/SINGG/HSINGG/Run13/Proc4/J0335-24/ J0335-24_R_ss.fits J0335-24_6605_ss.fits J0335-24_Rsub_ss.fits
J0341-01 Run02 6653/68 R_Harris  1  /Users/meurer/SINGG/HSINGG/Run02/Proc4/J0341-01/ J0341-01_R_ss.fits J0341-01_6653_ss.fits J0341-01_Rsub_ss.fits
J0342-13 Run02 6619/73 R_Harris  2  /Users/meurer/SINGG/HSINGG/Run02/Proc4/J0342-13/ J0342-13_R_ss.fits J0342-13_6619_ss.fits J0342-13_Rsub_ss.fits
J0342-36 Run07 6568/28 R_Harris  1  /Users/meurer/SINGG/HSINGG/Run07/Proc4/J0342-36/ J0342-36_R_ss.fits J0342-36_6568_ss.fits J0342-36_Rsub_ss.fits
J0344-44 Run12 6595/36 R_Harris  1  /Users/meurer/SINGG/HSINGG/Run12/Proc4/J0344-44/ J0344-44_R_ss.fits J0344-44_6595_ss.fits J0344-44_Rsub_ss.fits
J0344-44 Run13 6595/36 R_Harris  1  /Users/meurer/SINGG/HSINGG/Run13/Proc4/J0344-44/ J0344-44_R_ss.fits J0344-44_6595_ss.fits J0344-44_Rsub_ss.fits
J0345-35 Run06 6568/28 R_Harris  1  /Users/meurer/SINGG/HSINGG/Run06/Proc4/J0345-35/ J0345-35_R_ss.fits J0345-35_6568_ss.fits J0345-35_Rsub_ss.fits
J0348-39 Run06 6605/32 R_Harris  1  /Users/meurer/SINGG/HSINGG/Run06/Proc4/J0348-39/ J0348-39_R_ss.fits J0348-39_6605_ss.fits J0348-39_Rsub_ss.fits
J0349-48 Run01 6568/28 R_Harris  1  /Users/meurer/SINGG/HSINGG/Run01/Proc4/J0349-48/ J0349-48_R_ss.fits J0349-48_6568_ss.fits J0349-48_Rsub_ss.fits
J0349-48 Run11 6595/36 R_Harris  1  /Users/meurer/SINGG/HSINGG/Run11/Proc4/J0349-48/ J0349-48_R_ss.fits J0349-48_6595_ss.fits J0349-48_Rsub_ss.fits
J0351-38 Run01 6568/28 R_Harris  1  /Users/meurer/SINGG/HSINGG/Run01/Proc4/J0351-38/ J0351-38_R_ss.fits J0351-38_6568_ss.fits J0351-38_Rsub_ss.fits
J0354-43 Run07 6568/28 R_Harris  1  /Users/meurer/SINGG/HSINGG/Run07/Proc4/J0354-43/ J0354-43_R_ss.fits J0354-43_6568_ss.fits J0354-43_Rsub_ss.fits
J0355-40 Run12 6568/28 R_Harris  1  /Users/meurer/SINGG/HSINGG/Run12/Proc4/J0355-40/ J0355-40_R_ss.fits J0355-40_6568_ss.fits J0355-40_Rsub_ss.fits
J0355-40 Run13 6600/75 R_Harris  1  /Users/meurer/SINGG/HSINGG/Run13/Proc4/J0355-40/ J0355-40_R_ss.fits J0355-40_6600_ss.fits J0355-40_Rsub_ss.fits
J0355-42 Run03 6568/28 R_Harris  1  /Users/meurer/SINGG/HSINGG/Run03/Proc4/J0355-42/ J0355-42_R_ss.fits J0355-42_6568_ss.fits J0355-42_Rsub_ss.fits
J0359-45 Run01 6568/28 R_Harris  2  /Users/meurer/SINGG/HSINGG/Run01/Proc4/J0359-45/ J0359-45_R_ss.fits J0359-45_6568_ss.fits J0359-45_Rsub_ss.fits
J0400-52 Run13 6781/78 R_Harris  7  /Users/meurer/SINGG/HSINGG/Run13/Proc4/J0400-52/ J0400-52_R_ss.fits J0400-52_6781_ss.fits J0400-52_Rsub_ss.fits
J0403-01 Run01 6568/28 6850/95  1  /Users/meurer/SINGG/HSINGG/Run01/Proc4/J0403-01/ J0403-01_C_ss.fits J0403-01_6568_ss.fits J0403-01_Csub_ss.fits
J0403-43 Run03 6568/28 R_Harris  2  /Users/meurer/SINGG/HSINGG/Run03/Proc4/J0403-43/ J0403-43_R_ss.fits J0403-43_6568_ss.fits J0403-43_Rsub_ss.fits
J0403-43 Run07 6568/28 R_Harris  2  /Users/meurer/SINGG/HSINGG/Run07/Proc4/J0403-43/ J0403-43_R_ss.fits J0403-43_6568_ss.fits J0403-43_Rsub_ss.fits
J0403-43 Run11 6595/36 R_Harris  2  /Users/meurer/SINGG/HSINGG/Run11/Proc4/J0403-43/ J0403-43_R_ss.fits J0403-43_6595_ss.fits J0403-43_Rsub_ss.fits
J0404-02 Run06 6568/28 R_Harris  1  /Users/meurer/SINGG/HSINGG/Run06/Proc4/J0404-02/ J0404-02_R_ss.fits J0404-02_6568_ss.fits J0404-02_Rsub_ss.fits
J0404-54 Run12 6595/36 R_Harris  1  /Users/meurer/SINGG/HSINGG/Run12/Proc4/J0404-54/ J0404-54_R_ss.fits J0404-54_6595_ss.fits J0404-54_Rsub_ss.fits
J0404-54 Run13 6595/36 R_Harris  1  /Users/meurer/SINGG/HSINGG/Run13/Proc4/J0404-54/ J0404-54_R_ss.fits J0404-54_6595_ss.fits J0404-54_Rsub_ss.fits
J0406-21 Run07 6568/28 R_Harris  1  /Users/meurer/SINGG/HSINGG/Run07/Proc4/J0406-21/ J0406-21_R_ss.fits J0406-21_6568_ss.fits J0406-21_Rsub_ss.fits
J0406-21 Run12 6595/36 R_Harris  1  /Users/meurer/SINGG/HSINGG/Run12/Proc4/J0406-21/ J0406-21_R_ss.fits J0406-21_6595_ss.fits J0406-21_Rsub_ss.fits
J0406-21 Run13 6595/36 R_Harris  1  /Users/meurer/SINGG/HSINGG/Run13/Proc4/J0406-21/ J0406-21_R_ss.fits J0406-21_6595_ss.fits J0406-21_Rsub_ss.fits
J0406-52 Run11 6595/36 R_Harris  1  /Users/meurer/SINGG/HSINGG/Run11/Proc4/J0406-52/ J0406-52_R_ss.fits J0406-52_6595_ss.fits J0406-52_Rsub_ss.fits
J0409-56 Run01 6568/28 6850/95  2  /Users/meurer/SINGG/HSINGG/Run01/Proc4/J0409-56/ J0409-56_C_ss.fits J0409-56_6568_ss.fits J0409-56_6568_Csub_ss.fits
J0409-56 Run01 6568/28 R_Harris  2  /Users/meurer/SINGG/HSINGG/Run01/Proc4/J0409-56/ J0409-56_R_ss.fits J0409-56_6568_ss.fits J0409-56_6568_Rsub_ss.fits
J0411-32 Run13 6595/36 R_Harris  2  /Users/meurer/SINGG/HSINGG/Run13/Proc4/J0411-32/ J0411-32_R_ss.fits J0411-32_6595_ss.fits J0411-32_Rsub_ss.fits
J0411-35 Run12 6595/36 R_Harris  1  /Users/meurer/SINGG/HSINGG/Run12/Proc4/J0411-35/ J0411-35_R_ss.fits J0411-35_6595_ss.fits J0411-35_Rsub_ss.fits
J0412+02 Run02 6653/68 R_Harris  1  /Users/meurer/SINGG/HSINGG/Run02/Proc4/J0412+02/ J0412+02_R_ss.fits J0412+02_6653_ss.fits J0412+02_Rsub_ss.fits
J0419-21 Run07 6568/28 R_Harris  1  /Users/meurer/SINGG/HSINGG/Run07/Proc4/J0419-21/ J0419-21_R_ss.fits J0419-21_6568_ss.fits J0419-21_Rsub_ss.fits
J0419-54 Run13 6605/32 R_Harris  1  /Users/meurer/SINGG/HSINGG/Run13/Proc4/J0419-54/ J0419-54_R_ss.fits J0419-54_6605_ss.fits J0419-54_Rsub_ss.fits
J0421-21 Run08 6568/28 6850/95  1  /Users/meurer/SINGG/HSINGG/Run08/Proc4/J0421-21/ J0421-21_C_ss.fits J0421-21_6568_ss.fits J0421-21_6568_Csub_ss.fits
J0421-21 Run08 6568/28 R_Harris  1  /Users/meurer/SINGG/HSINGG/Run08/Proc4/J0421-21/ J0421-21_R_ss.fits J0421-21_6568_ss.fits J0421-21_6568_Rsub_ss.fits
J0429-27 Run07 6568/28 R_Harris  1  /Users/meurer/SINGG/HSINGG/Run07/Proc4/J0429-27/ J0429-27_R_ss.fits J0429-27_6568_ss.fits J0429-27_Rsub_ss.fits
J0429-27 Run11 6595/36 R_Harris  1  /Users/meurer/SINGG/HSINGG/Run11/Proc4/J0429-27/ J0429-27_R_ss.fits J0429-27_6595_ss.fits J0429-27_Rsub_ss.fits
J0430-01 Run02 6619/73 R_Harris  1  /Users/meurer/SINGG/HSINGG/Run02/Proc4/J0430-01/ J0430-01_R_ss.fits J0430-01_6619_ss.fits J0430-01_Rsub_ss.fits
J0433-75 Run02 6653/68 R_Harris  1  /Users/meurer/SINGG/HSINGG/Run02/Proc4/J0433-75/ J0433-75_R_ss.fits J0433-75_6653_ss.fits J0433-75_Rsub_ss.fits
J0436-03 Run12 6653/68 R_Harris  2  /Users/meurer/SINGG/HSINGG/Run12/Proc4/J0436-03/ J0436-03_R_ss.fits J0436-03_6653_ss.fits J0436-03_Rsub_ss.fits
J0437-09 Run08 6653/68 R_Harris  1  /Users/meurer/SINGG/HSINGG/Run08/Proc4/J0437-09/ J0437-09_R_ss.fits J0437-09_6653_ss.fits J0437-09_Rsub_ss.fits
J0439-47 Run08 6605/32 R_Harris  1  /Users/meurer/SINGG/HSINGG/Run08/Proc4/J0439-47/ J0439-47_R_ss.fits J0439-47_6605_ss.fits J0439-47_Rsub_ss.fits
J0441-02 Run01 6568/28 R_Harris  1  /Users/meurer/SINGG/HSINGG/Run01/Proc4/J0441-02/ J0441-02_R_ss.fits J0441-02_6568_ss.fits J0441-02_Rsub_ss.fits
J0443-05 Run08 6653/68 R_Harris  4  /Users/meurer/SINGG/HSINGG/Run08/Proc4/J0443-05/ J0443-05_R_ss.fits J0443-05_6653_ss.fits J0443-05_Rsub_ss.fits
J0445-59 Run13 6605/32 R_Harris  1  /Users/meurer/SINGG/HSINGG/Run13/Proc4/J0445-59/ J0445-59_R_ss.fits J0445-59_6605_ss.fits J0445-59_Rsub_ss.fits
J0449-31 Run12 6595/36 R_Harris  1  /Users/meurer/SINGG/HSINGG/Run12/Proc4/J0449-31/ J0449-31_R_ss.fits J0449-31_6595_ss.fits J0449-31_Rsub_ss.fits
J0451-33 Run13 6595/36 R_Harris  1  /Users/meurer/SINGG/HSINGG/Run13/Proc4/J0451-33/ J0451-33_R_ss.fits J0451-33_6595_ss.fits J0451-33_Rsub_ss.fits
J0454-12 Run12 6653/68 R_Harris  2  /Users/meurer/SINGG/HSINGG/Run12/Proc4/J0454-12/ J0454-12_R_ss.fits J0454-12_6653_ss.fits J0454-12_Rsub_ss.fits
J0454-53 Run03 6568/28 R_Harris  1  /Users/meurer/SINGG/HSINGG/Run03/Proc4/J0454-53/ J0454-53_R_ss.fits J0454-53_6568_ss.fits J0454-53_Rsub_ss.fits
J0455-28 Run07 6568/28 R_Harris  1  /Users/meurer/SINGG/HSINGG/Run07/Proc4/J0455-28/ J0455-28_R_ss.fits J0455-28_6568_ss.fits J0455-28_Rsub_ss.fits
J0455-28 Run12 6568/28 R_Harris  1  /Users/meurer/SINGG/HSINGG/Run12/Proc4/J0455-28/ J0455-28_R_ss.fits J0455-28_6568_ss.fits J0455-28_6568_Rsub_ss.fits
J0455-28 Run12 6595/36 R_Harris  1  /Users/meurer/SINGG/HSINGG/Run12/Proc4/J0455-28/ J0455-28_R_ss.fits J0455-28_6595_ss.fits J0455-28_6595_Rsub_ss.fits
J0455-28 Run13 6595/36 R_Harris  1  /Users/meurer/SINGG/HSINGG/Run13/Proc4/J0455-28/ J0455-28_R_ss.fits J0455-28_6595_ss.fits J0455-28_Rsub_ss.fits
J0457-42 Run03 6568/28 R_Harris  1  /Users/meurer/SINGG/HSINGG/Run03/Proc4/J0457-42/ J0457-42_R_ss.fits J0457-42_6568_ss.fits J0457-42_Rsub_ss.fits
J0459-26 Run03 6568/28 R_Harris  1  /Users/meurer/SINGG/HSINGG/Run03/Proc4/J0459-26/ J0459-26_R_ss.fits J0459-26_6568_ss.fits J0459-26_Rsub_ss.fits
J0503-25 Run03 6568/28 R_Harris  1  /Users/meurer/SINGG/HSINGG/Run03/Proc4/J0503-25/ J0503-25_R_ss.fits J0503-25_6568_ss.fits J0503-25_Rsub_ss.fits
J0503-63 Run02 6653/68 R_Harris  2  /Users/meurer/SINGG/HSINGG/Run02/Proc4/J0503-63/ J0503-63_R_ss.fits J0503-63_6653_ss.fits J0503-63_Rsub_ss.fits
J0504-16 Run02 6653/68 R_Harris  3  /Users/meurer/SINGG/HSINGG/Run02/Proc4/J0504-16/ J0504-16_R_ss.fits J0504-16_6653_ss.fits J0504-16_Rsub_ss.fits
J0504-16 Run08 6653/68 R_Harris  3  /Users/meurer/SINGG/HSINGG/Run08/Proc4/J0504-16/ J0504-16_R_ss.fits J0504-16_6653_ss.fits J0504-16_Rsub_ss.fits
J0505-37 Run13 6595/36 R_Harris  1  /Users/meurer/SINGG/HSINGG/Run13/Proc4/J0505-37/ J0505-37_R_ss.fits J0505-37_6595_ss.fits J0505-37_Rsub_ss.fits
J0506-27 Run12 6595/36 R_Harris  1  /Users/meurer/SINGG/HSINGG/Run12/Proc4/J0506-27/ J0506-27_R_ss.fits J0506-27_6595_ss.fits J0506-27_Rsub_ss.fits
J0506-31 Run01 6568/28 R_Harris  1  /Users/meurer/SINGG/HSINGG/Run01/Proc4/J0506-31/ J0506-31_R_ss.fits J0506-31_6568_ss.fits J0506-31_Rsub_ss.fits
J0507-16 Run02 6619/73 R_Harris  1  /Users/meurer/SINGG/HSINGG/Run02/Proc4/J0507-16/ J0507-16_R_ss.fits J0507-16_6619_ss.fits J0507-16_Rsub_ss.fits
J0507-37 Run01 6568/28 6850/95  1  /Users/meurer/SINGG/HSINGG/Run01/Proc4/J0507-37/ J0507-37_C_ss.fits J0507-37_6568_ss.fits J0507-37_6568_Csub_ss.fits
J0507-37 Run01 6568/28 R_Harris  1  /Users/meurer/SINGG/HSINGG/Run01/Proc4/J0507-37/ J0507-37_R_ss.fits J0507-37_6568_ss.fits J0507-37_6568_Rsub_ss.fits
J0508-38 Run08 6568/28 R_Harris  1  /Users/meurer/SINGG/HSINGG/Run08/Proc4/J0508-38/ J0508-38_R_ss.fits J0508-38_6568_ss.fits J0508-38_Rsub_ss.fits
J0510-31 Run01 6568/28 R_Harris  1  /Users/meurer/SINGG/HSINGG/Run01/Proc4/J0510-31/ J0510-31_R_ss.fits J0510-31_6568_ss.fits J0510-31_Rsub_ss.fits
J0510-36 Run13 6595/36 R_Harris  1  /Users/meurer/SINGG/HSINGG/Run13/Proc4/J0510-36/ J0510-36_R_ss.fits J0510-36_6595_ss.fits J0510-36_Rsub_ss.fits
J0512-32 Run03 6568/28 R_Harris  1  /Users/meurer/SINGG/HSINGG/Run03/Proc4/J0512-32/ J0512-32_R_ss.fits J0512-32_6568_ss.fits J0512-32_Rsub_ss.fits
J0512-57 Run08 6605/32 R_Harris  1  /Users/meurer/SINGG/HSINGG/Run08/Proc4/J0512-57/ J0512-57_R_ss.fits J0512-57_6605_ss.fits J0512-57_Rsub_ss.fits
J0514-61 Run02 6653/68 R_Harris  3  /Users/meurer/SINGG/HSINGG/Run02/Proc4/J0514-61/ J0514-61_R_ss.fits J0514-61_6653_ss.fits J0514-61_Rsub_ss.fits
J0515-41 Run13 6595/36 R_Harris  1  /Users/meurer/SINGG/HSINGG/Run13/Proc4/J0515-41/ J0515-41_R_ss.fits J0515-41_6595_ss.fits J0515-41_Rsub_ss.fits
J0516-37 Run17 6605/32 R_Harris  1  /Users/meurer/SINGG/HSINGG/Run17/Proc4/J0516-37/ J0516-37_R_ss.fits J0516-37_6605_ss.fits J0516-37_Rsub_ss.fits
J0517-32 Run12 6568/28 R_Harris  1  /Users/meurer/SINGG/HSINGG/Run12/Proc4/J0517-32/ J0517-32_R_ss.fits J0517-32_6568_ss.fits J0517-32_Rsub_ss.fits
J0517-32 Run13 6600/75 R_Harris  1  /Users/meurer/SINGG/HSINGG/Run13/Proc4/J0517-32/ J0517-32_R_ss.fits J0517-32_6600_ss.fits J0517-32_Rsub_ss.fits
J0523-34 Run13 6595/36 R_Harris  2  /Users/meurer/SINGG/HSINGG/Run13/Proc4/J0523-34/ J0523-34_R_ss.fits J0523-34_6595_ss.fits J0523-34_Rsub_ss.fits
J0533-36 Run17 6605/32 R_Harris  1  /Users/meurer/SINGG/HSINGG/Run17/Proc4/J0533-36/ J0533-36_R_ss.fits J0533-36_6605_ss.fits J0533-36_Rsub_ss.fits
J0536-52 Run13 6595/36 R_Harris  1  /Users/meurer/SINGG/HSINGG/Run13/Proc4/J0536-52/ J0536-52_R_ss.fits J0536-52_6595_ss.fits J0536-52_6595_Rsub_ss.fits
J0536-52 Run13 6606/75 R_Harris  1  /Users/meurer/SINGG/HSINGG/Run13/Proc4/J0536-52/ J0536-52_R_ss.fits J0536-52_6606_ss.fits J0536-52_6606_Rsub_ss.fits
J0539-58 Run08 6605/32 R_Harris  1  /Users/meurer/SINGG/HSINGG/Run08/Proc4/J0539-58/ J0539-58_R_ss.fits J0539-58_6605_ss.fits J0539-58_Rsub_ss.fits
J0543-52 Run07 6568/28 R_Harris  1  /Users/meurer/SINGG/HSINGG/Run07/Proc4/J0543-52/ J0543-52_R_ss.fits J0543-52_6568_ss.fits J0543-52_Rsub_ss.fits
J0543-52 Run12 6595/36 R_Harris  1  /Users/meurer/SINGG/HSINGG/Run12/Proc4/J0543-52/ J0543-52_R_ss.fits J0543-52_6595_ss.fits J0543-52_Rsub_ss.fits
J0546-52 Run17 6595/36 R_Harris  1  /Users/meurer/SINGG/HSINGG/Run17/Proc4/J0546-52/ J0546-52_R_ss.fits J0546-52_6595_ss.fits J0546-52_Rsub_ss.fits
J0547-51 Run12 6595/36 R_Harris  2  /Users/meurer/SINGG/HSINGG/Run12/Proc4/J0547-51/ J0547-51_R_ss.fits J0547-51_6595_ss.fits J0547-51_Rsub_ss.fits
J0547-51 Run13 6595/36 R_Harris  2  /Users/meurer/SINGG/HSINGG/Run13/Proc4/J0547-51/ J0547-51_R_ss.fits J0547-51_6595_ss.fits J0547-51_Rsub_ss.fits
J0553-59 Run17 6595/36 R_Harris  1  /Users/meurer/SINGG/HSINGG/Run17/Proc4/J0553-59/ J0553-59_R_ss.fits J0553-59_6595_ss.fits J0553-59_Rsub_ss.fits
J0935-05 Run09 6605/32 R_Harris  1  /Users/meurer/SINGG/HSINGG/Run09/Proc4/J0935-05/ J0935-05_R_ss.fits J0935-05_6605_ss.fits J0935-05_Rsub_ss.fits
J0935-05 Run12 6595/36 R_Harris  1  /Users/meurer/SINGG/HSINGG/Run12/Proc4/J0935-05/ J0935-05_R_ss.fits J0935-05_6595_ss.fits J0935-05_Rsub_ss.fits
J0940-03 Run08 6605/32 R_Harris  2  /Users/meurer/SINGG/HSINGG/Run08/Proc4/J0940-03/ J0940-03_R_ss.fits J0940-03_6605_ss.fits J0940-03_Rsub_ss.fits
J0940-03 Run09 6605/32 R_Harris  1  /Users/meurer/SINGG/HSINGG/Run09/Proc4/J0940-03/ J0940-03_R_ss.fits J0940-03_6605_ss.fits J0940-03_Rsub_ss.fits
J0942+00 Run04 6605/32 R_Harris  1  /Users/meurer/SINGG/HSINGG/Run04/Proc4/J0942+00/ J0942+00_R_ss.fits J0942+00_6605_ss.fits J0942+00_Rsub_ss.fits
J0942+00 Run08 6605/32 R_Harris  1  /Users/meurer/SINGG/HSINGG/Run08/Proc4/J0942+00/ J0942+00_R_ss.fits J0942+00_6605_ss.fits J0942+00_Rsub_ss.fits
J0942+00 Run09 6605/32 R_Harris  1  /Users/meurer/SINGG/HSINGG/Run09/Proc4/J0942+00/ J0942+00_R_ss.fits J0942+00_6605_ss.fits J0942+00_Rsub_ss.fits
J0943-05b Run02 6600/75 R_Harris  1  /Users/meurer/SINGG/HSINGG/Run02/Proc4/J0943-05b/ J0943-05b_R_ss.fits J0943-05b_6600_ss.fits J0943-05b_6600_Rsub_ss.fits
J0943-05b Run02 6619/73 R_Harris  1  /Users/meurer/SINGG/HSINGG/Run02/Proc4/J0943-05b/ J0943-05b_R_ss.fits J0943-05b_6619_ss.fits J0943-05b_6619_Rsub_ss.fits
J0943-09b Run02 6619/73 R_Harris  1  /Users/meurer/SINGG/HSINGG/Run02/Proc4/J0943-09b/ J0943-09b_R_ss.fits J0943-09b_6619_ss.fits J0943-09b_Rsub_ss.fits
J0953+01 Run09 6605/32 R_Harris  1  /Users/meurer/SINGG/HSINGG/Run09/Proc4/J0953+01/ J0953+01_R_ss.fits J0953+01_6605_ss.fits J0953+01_Rsub_ss.fits
J1001-06 Run08 6568/28 R_Harris  1  /Users/meurer/SINGG/HSINGG/Run08/Proc4/J1001-06/ J1001-06_R_ss.fits J1001-06_6568_ss.fits J1001-06_Rsub_ss.fits
J1002-06 Run03 6568/28 R_Harris  1  /Users/meurer/SINGG/HSINGG/Run03/Proc4/J1002-06/ J1002-06_R_ss.fits J1002-06_6568_ss.fits J1002-06_Rsub_ss.fits
J1005-16 Run13 6653/68 R_Harris  3  /Users/meurer/SINGG/HSINGG/Run13/Proc4/J1005-16/ J1005-16_R_ss.fits J1005-16_6653_ss.fits J1005-16_Rsub_ss.fits
J1017-03 Run09 6605/32 R_Harris  1  /Users/meurer/SINGG/HSINGG/Run09/Proc4/J1017-03/ J1017-03_R_ss.fits J1017-03_6605_ss.fits J1017-03_Rsub_ss.fits
J1018-17 Run02 6653/68 R_Harris  1  /Users/meurer/SINGG/HSINGG/Run02/Proc4/J1018-17/ J1018-17_R_ss.fits J1018-17_6653_ss.fits J1018-17_Rsub_ss.fits
J1019-17 Run13 6595/36 R_Harris  1  /Users/meurer/SINGG/HSINGG/Run13/Proc4/J1019-17/ J1019-17_R_ss.fits J1019-17_6595_ss.fits J1019-17_Rsub_ss.fits
J1026-19 Run13 6738/50 R_Harris  6  /Users/meurer/SINGG/HSINGG/Run13/Proc4/J1026-19/ J1026-19_R_ss.fits J1026-19_6738_ss.fits J1026-19_Rsub_ss.fits
J1026-19 Run17 6781/78 R_Harris  5  /Users/meurer/SINGG/HSINGG/Run17/Proc4/J1026-19/ J1026-19_R_ss.fits J1026-19_6781_ss.fits J1026-19_Rsub_ss.fits
J1039+01 Run13 6600/75 R_Harris  1  /Users/meurer/SINGG/HSINGG/Run13/Proc4/J1039+01/ J1039+01_R_ss.fits J1039+01_6600_ss.fits J1039+01_Rsub_ss.fits
J1041-23 Run13 6595/36 R_Harris  1  /Users/meurer/SINGG/HSINGG/Run13/Proc4/J1041-23/ J1041-23_R_ss.fits J1041-23_6595_ss.fits J1041-23_Rsub_ss.fits
J1041-23 Run17 6595/36 R_Harris  1  /Users/meurer/SINGG/HSINGG/Run17/Proc4/J1041-23/ J1041-23_R_ss.fits J1041-23_6595_ss.fits J1041-23_Rsub_ss.fits
J1042-23 Run13 6595/36 R_Harris  1  /Users/meurer/SINGG/HSINGG/Run13/Proc4/J1042-23/ J1042-23_R_ss.fits J1042-23_6595_ss.fits J1042-23_Rsub_ss.fits
J1046+01 Run03 6568/28 R_Harris  1  /Users/meurer/SINGG/HSINGG/Run03/Proc4/J1046+01/ J1046+01_R_ss.fits J1046+01_6568_ss.fits J1046+01_Rsub_ss.fits
J1046+01 Run10 6600/75 R_Harris  1  /Users/meurer/SINGG/HSINGG/Run10/Proc4/J1046+01/ J1046+01_R_ss.fits J1046+01_6600_ss.fits J1046+01_Rsub_ss.fits
J1051-17 Run13 6693/76 R_Harris  7  /Users/meurer/SINGG/HSINGG/Run13/Proc4/J1051-17/ J1051-17_R_ss.fits J1051-17_6696_ss.fits J1051-17_Rsub_ss.fits
J1051-19 Run02 6619/73 R_Harris  1  /Users/meurer/SINGG/HSINGG/Run02/Proc4/J1051-19/ J1051-19_R_ss.fits J1051-19_6619_ss.fits J1051-19_Rsub_ss.fits
J1054-18 Run02 6653/68 R_Harris  2  /Users/meurer/SINGG/HSINGG/Run02/Proc4/J1054-18/ J1054-18_R_ss.fits J1054-18_6653_ss.fits J1054-18_Rsub_ss.fits
J1054-18 Run12 6653/68 R_Harris  2  /Users/meurer/SINGG/HSINGG/Run12/Proc4/J1054-18/ J1054-18_R_ss.fits J1054-18_6653_ss.fits J1054-18_Rsub_ss.fits
J1059-09 Run08 6738/50 R_Harris  8  /Users/meurer/SINGG/HSINGG/Run08/Proc4/J1059-09/ J1059-09_R_ss.fits J1059-09_6738_ss.fits J1059-09_Rsub_ss.fits
J1103-23 Run13 6595/36 R_Harris  2  /Users/meurer/SINGG/HSINGG/Run13/Proc4/J1103-23/ J1103-23_R_ss.fits J1103-23_6595_ss.fits J1103-23_Rsub_ss.fits
J1103-23 Run17 6595/36 R_Harris  1  /Users/meurer/SINGG/HSINGG/Run17/Proc4/J1103-23/ J1103-23_R_ss.fits J1103-23_6595_ss.fits J1103-23_Rsub_ss.fits
J1105-00 Run03 6568/28 R_Harris  1  /Users/meurer/SINGG/HSINGG/Run03/Proc4/J1105-00/ J1105-00_R_ss.fits J1105-00_6568_ss.fits J1105-00_Rsub_ss.fits
J1105-00 Run04s 6568/28 R_Harris  1  /Users/meurer/SINGG/HSINGG/Run04s/Proc4/J1105-00/ J1105-00_R_ss.fits J1105-00_6568_ss.fits J1105-00_Rsub_ss.fits
J1106-14 Run03 6568/28 R_Harris  1  /Users/meurer/SINGG/HSINGG/Run03/Proc4/J1106-14/ J1106-14_R_ss.fits J1106-14_6568_ss.fits J1106-14_Rsub_ss.fits
J1107-17 Run13 6595/36 R_Harris  1  /Users/meurer/SINGG/HSINGG/Run13/Proc4/J1107-17/ J1107-17_R_ss.fits J1107-17_6595_ss.fits J1107-17_Rsub_ss.fits
J1109-22 Run09 6605/32 R_Harris  1  /Users/meurer/SINGG/HSINGG/Run09/Proc4/J1109-22/ J1109-22_R_ss.fits J1109-22_6605_ss.fits J1109-22_Rsub_ss.fits
J1109-23 Run02 6619/73 R_Harris  1  /Users/meurer/SINGG/HSINGG/Run02/Proc4/J1109-23/ J1109-23_R_ss.fits J1109-23_6619_ss.fits J1109-23_Rsub_ss.fits
J1110+01 Run13 6595/36 R_Harris  1  /Users/meurer/SINGG/HSINGG/Run13/Proc4/J1110+01/ J1110+01_R_ss.fits J1110+01_6595_ss.fits J1110+01_Rsub_ss.fits
J1118-17 Run05 6568/28 R_Harris  2  /Users/meurer/SINGG/HSINGG/Run05/Proc4/J1118-17/ J1118-17_R_ss.fits J1118-17_6568_ss.fits J1118-17_Rsub_ss.fits
J1120-21 Run09 6605/32 R_Harris  1  /Users/meurer/SINGG/HSINGG/Run09/Proc4/J1120-21/ J1120-21_R_ss.fits J1120-21_6605_ss.fits J1120-21_Rsub_ss.fits
J1122-04 Run13 6595/36 R_Harris  2  /Users/meurer/SINGG/HSINGG/Run13/Proc4/J1122-04/ J1122-04_R_ss.fits J1122-04_6595_ss.fits J1122-04_Rsub_ss.fits
J1123-08 Run02 6653/68 R_Harris  1  /Users/meurer/SINGG/HSINGG/Run02/Proc4/J1123-08/ J1123-08_R_ss.fits J1123-08_6653_ss.fits J1123-08_Rsub_ss.fits
J1123-08 Run13 6653/68 R_Harris  1  /Users/meurer/SINGG/HSINGG/Run13/Proc4/J1123-08/ J1123-08_R_ss.fits J1123-08_6653_ss.fits J1123-08_Rsub_ss.fits
J1127-04 Run08 6568/28 R_Harris  1  /Users/meurer/SINGG/HSINGG/Run08/Proc4/J1127-04/ J1127-04_R_ss.fits J1127-04_6568_ss.fits J1127-04_Rsub_ss.fits
J1130-16 Run09 6605/32 R_Harris  1  /Users/meurer/SINGG/HSINGG/Run09/Proc4/J1130-16/ J1130-16_R_ss.fits J1130-16_6605_ss.fits J1130-16_Rsub_ss.fits
J1131-02 Run02 6653/68 R_Harris  3  /Users/meurer/SINGG/HSINGG/Run02/Proc4/J1131-02/ J1131-02_R_ss.fits J1131-02_6653_ss.fits J1131-02_Rsub_ss.fits
J1136+00b Run13 6595/36 R_Harris  1  /Users/meurer/SINGG/HSINGG/Run13/Proc4/J1136+00b/ J1136+00b_R_ss.fits J1136+00b_6595_ss.fits J1136+00b_Rsub_ss.fits
J1136+00b Run17 6595/36 R_Harris  1  /Users/meurer/SINGG/HSINGG/Run17/Proc4/J1136+00b/ J1136+00b_R_ss.fits J1136+00b_6595_ss.fits J1136+00b_Rsub_ss.fits
J1138-13 Run08 6653/68 6850/95  1  /Users/meurer/SINGG/HSINGG/Run08/Proc4/J1138-13/ J1138-13_C_ss.fits J1138-13_6653_ss.fits J1138-13_6653_Csub_ss.fits
J1138-13 Run08 6653/68 R_Harris  1  /Users/meurer/SINGG/HSINGG/Run08/Proc4/J1138-13/ J1138-13_R_ss.fits J1138-13_6653_ss.fits J1138-13_6653_Rsub_ss.fits
J1145+02 Run13 6595/36 R_Harris  1  /Users/meurer/SINGG/HSINGG/Run13/Proc4/J1145+02/ J1145+02_R_ss.fits J1145+02_6595_ss.fits J1145+02_Rsub_ss.fits
J1147-16 Run13 6595/36 R_Harris  1  /Users/meurer/SINGG/HSINGG/Run13/Proc4/J1147-16/ J1147-16_R_ss.fits J1147-16_6595_ss.fits J1147-16_Rsub_ss.fits
J1150-12 Run17 6595/36 R_Harris  1  /Users/meurer/SINGG/HSINGG/Run17/Proc4/J1150-12/ J1150-12_R_ss.fits J1150-12_6595_ss.fits J1150-12_Rsub_ss.fits
J1152-02 Run05 6568/28 R_Harris  1  /Users/meurer/SINGG/HSINGG/Run05/Proc4/J1152-02/ J1152-02_R_ss.fits J1152-02_6568_ss.fits J1152-02_Rsub_ss.fits
J1153-28 Run13 6605/32 R_Harris  1  /Users/meurer/SINGG/HSINGG/Run13/Proc4/J1153-28/ J1153-28_R_ss.fits J1153-28_6605_ss.fits J1153-28_Rsub_ss.fits
J1157-15 Run08 6605/32 R_Harris  1  /Users/meurer/SINGG/HSINGG/Run08/Proc4/J1157-15/ J1157-15_R_ss.fits J1157-15_6605_ss.fits J1157-15_Rsub_ss.fits
J1157-15 Run09 6605/32 R_Harris  1  /Users/meurer/SINGG/HSINGG/Run09/Proc4/J1157-15/ J1157-15_R_ss.fits J1157-15_6605_ss.fits J1157-15_Rsub_ss.fits
J1158-19b Run13 6595/36 R_Harris  1  /Users/meurer/SINGG/HSINGG/Run13/Proc4/J1158-19b/ J1158-19b_R_ss.fits J1158-19b_6595_ss.fits J1158-19b_Rsub_ss.fits
J1159-19 Run08 6605/32 R_Harris  4  /Users/meurer/SINGG/HSINGG/Run08/Proc4/J1159-19/ J1159-19_R_ss.fits J1159-19_6605_ss.fits J1159-19_Rsub_ss.fits
J1159-19 Run09 6605/32 R_Harris  5  /Users/meurer/SINGG/HSINGG/Run09/Proc4/J1159-19/ J1159-19_R_ss.fits J1159-19_6605_ss.fits J1159-19_Rsub_ss.fits
J1200-01 Run13 6605/32 R_Harris  1  /Users/meurer/SINGG/HSINGG/Run13/Proc4/J1200-01/ J1200-01_R_ss.fits J1200-01_6605_ss.fits J1200-01_Rsub_ss.fits
J1205-14 Run09 6605/32 R_Harris  1  /Users/meurer/SINGG/HSINGG/Run09/Proc4/J1205-14/ J1205-14_R_ss.fits J1205-14_6605_ss.fits J1205-14_Rsub_ss.fits
J1205-14 Run13 6605/32 R_Harris  1  /Users/meurer/SINGG/HSINGG/Run13/Proc4/J1205-14/ J1205-14_R_ss.fits J1205-14_6605_ss.fits J1205-14_Rsub_ss.fits
J1206-22 Run17 6605/32 R_Harris  1  /Users/meurer/SINGG/HSINGG/Run17/Proc4/J1206-22/ J1206-22_R_ss.fits J1206-22_6605_ss.fits J1206-22_Rsub_ss.fits
J1210+02 Run09 6605/32 R_Harris  1  /Users/meurer/SINGG/HSINGG/Run09/Proc4/J1210+02/ J1210+02_R_ss.fits J1210+02_6605_ss.fits J1210+02_Rsub_ss.fits
J1217+00 Run03 6568/28 R_Harris  1  /Users/meurer/SINGG/HSINGG/Run03/Proc4/J1217+00/ J1217+00_R_ss.fits J1217+00_6568_ss.fits J1217+00_Rsub_ss.fits
J1220+00 Run13 6595/36 R_Harris  1  /Users/meurer/SINGG/HSINGG/Run13/Proc4/J1220+00/ J1220+00_R_ss.fits J1220+00_6595_ss.fits J1220+00_Rsub_ss.fits
J1223-13 Run13 6595/36 R_Harris  1  /Users/meurer/SINGG/HSINGG/Run13/Proc4/J1223-13/ J1223-13_R_ss.fits J1223-13_6595_ss.fits J1223-13_Rsub_ss.fits
J1223-13 Run17 6595/36 R_Harris  1  /Users/meurer/SINGG/HSINGG/Run17/Proc4/J1223-13/ J1223-13_R_ss.fits J1223-13_6595_ss.fits J1223-13_Rsub_ss.fits
J1225-06 Run17 6595/36 R_Harris  1  /Users/meurer/SINGG/HSINGG/Run17/Proc4/J1225-06/ J1225-06_R_ss.fits J1225-06_6595_ss.fits J1225-06_Rsub_ss.fits
J1227+01 Run09 6605/32 R_Harris  1  /Users/meurer/SINGG/HSINGG/Run09/Proc4/J1227+01/ J1227+01_R_ss.fits J1227+01_6605_ss.fits J1227+01_Rsub_ss.fits
J1231-08 Run03 6568/28 R_Harris  1  /Users/meurer/SINGG/HSINGG/Run03/Proc4/J1231-08/ J1231-08_R_ss.fits J1231-08_6568_ss.fits J1231-08_Rsub_ss.fits
J1232+00b Run13 6595/36 R_Harris  1  /Users/meurer/SINGG/HSINGG/Run13/Proc4/J1232+00b/ J1232+00b_R_ss.fits J1232+00b_6595_ss.fits J1232+00b_Rsub_ss.fits
J1232-07 Run13 6595/36 R_Harris  1  /Users/meurer/SINGG/HSINGG/Run13/Proc4/J1232-07/ J1232-07_R_ss.fits J1232-07_6595_ss.fits J1232-07_Rsub_ss.fits
J1232-07 Run17 6595/36 R_Harris  1  /Users/meurer/SINGG/HSINGG/Run17/Proc4/J1232-07/ J1232-07_R_ss.fits J1232-07_6595_ss.fits J1232-07_Rsub_ss.fits
J1234+02A Run17 6605/32 R_Harris  2  /Users/meurer/SINGG/HSINGG/Run17/Proc4/J1234+02A/ J1234+02A_R_ss.fits J1234+02A_6605_ss.fits J1234+02A_Rsub_ss.fits
J1235-07 Run03 6568/28 R_Harris  1  /Users/meurer/SINGG/HSINGG/Run03/Proc4/J1235-07/ J1235-07_R_ss.fits J1235-07_6568_ss.fits J1235-07_Rsub_ss.fits
J1237-28 Run09 6605/32 R_Harris  1  /Users/meurer/SINGG/HSINGG/Run09/Proc4/J1237-28/ J1237-28_R_ss.fits J1237-28_6605_ss.fits J1237-28_Rsub_ss.fits
J1242-00 Run09 6605/32 R_Harris  2  /Users/meurer/SINGG/HSINGG/Run09/Proc4/J1242-00/ J1242-00_R_ss.fits J1242-00_6605_ss.fits J1242-00_Rsub_ss.fits
J1242-00 Run17 6605/32 R_Harris  2  /Users/meurer/SINGG/HSINGG/Run17/Proc4/J1242-00/ J1242-00_R_ss.fits J1242-00_6605_ss.fits J1242-00_Rsub_ss.fits
J1247-03 Run13 6595/36 R_Harris  1  /Users/meurer/SINGG/HSINGG/Run13/Proc4/J1247-03/ J1247-03_R_ss.fits J1247-03_6595_ss.fits J1247-03_Rsub_ss.fits
J1249-04b Run08 6605/32 R_Harris  1  /Users/meurer/SINGG/HSINGG/Run08/Proc4/J1249-04b/ J1249-04b_R_ss.fits J1249-04b_6605_ss.fits J1249-04b_Rsub_ss.fits
J1250-14 Run08 6653/68 R_Harris  1  /Users/meurer/SINGG/HSINGG/Run08/Proc4/J1250-14/ J1250-14_R_ss.fits J1250-14_6653_ss.fits J1250-14_Rsub_ss.fits
J1250-20 Run13 6709/71 R_Harris  5  /Users/meurer/SINGG/HSINGG/Run13/Proc4/J1250-20/ J1250-20_R_ss.fits J1250-20_6709_ss.fits J1250-20_Rsub_ss.fits
J1250-20 Run17 6738/50 R_Harris  4  /Users/meurer/SINGG/HSINGG/Run17/Proc4/J1250-20/ J1250-20_R_ss.fits J1250-20_6738_ss.fits J1250-20_Rsub_ss.fits
J1251-26 Run08 6628/33 R_Harris  1  /Users/meurer/SINGG/HSINGG/Run08/Proc4/J1251-26/ J1251-26_R_ss.fits J1251-26_6628_ss.fits J1251-26_Rsub_ss.fits
J1253-12 Run03 6568/28 R_Harris  1  /Users/meurer/SINGG/HSINGG/Run03/Proc4/J1253-12/ J1253-12_R_ss.fits J1253-12_6568_ss.fits J1253-12_Rsub_ss.fits
J1253-12 Run08 6568/28 R_Harris  1  /Users/meurer/SINGG/HSINGG/Run08/Proc4/J1253-12/ J1253-12_R_ss.fits J1253-12_6568_ss.fits J1253-12_Rsub_ss.fits
J1254-10a Run13 6595/36 R_Harris  1  /Users/meurer/SINGG/HSINGG/Run13/Proc4/J1254-10a/ J1254-10a_R_ss.fits J1254-10a_6595_ss.fits J1254-10a_Rsub_ss.fits
J1255+00 Run09 6605/32 R_Harris  1  /Users/meurer/SINGG/HSINGG/Run09/Proc4/J1255+00/ J1255+00_R_ss.fits J1255+00_6605_ss.fits J1255+00_Rsub_ss.fits
J1258-10 Run13 6595/36 R_Harris  1  /Users/meurer/SINGG/HSINGG/Run13/Proc4/J1258-10/ J1258-10_R_ss.fits J1258-10_6595_ss.fits J1258-10_Rsub_ss.fits
J1259-19 Run05 6568/28 R_Harris  1  /Users/meurer/SINGG/HSINGG/Run05/Proc4/J1259-19/ J1259-19_R_ss.fits J1259-19_6568_ss.fits J1259-19_Rsub_ss.fits
J1259-19 Run08 6568/28 R_Harris  1  /Users/meurer/SINGG/HSINGG/Run08/Proc4/J1259-19/ J1259-19_R_ss.fits J1259-19_6568_ss.fits J1259-19_Rsub_ss.fits
J1300-13 Run04 6628/33 R_Harris  2  /Users/meurer/SINGG/HSINGG/Run04/Proc4/J1300-13/ J1300-13_R_ss.fits J1300-13_6628_ss.fits J1300-13_Rsub_ss.fits
J1301-32 Run13 6781/78 R_Harris  1  /Users/meurer/SINGG/HSINGG/Run13/Proc4/J1301-32/ J1301-32_R_ss.fits J1301-32_6781_ss.fits J1301-32_Rsub_ss.fits
J1303-17b Run03 6568/28 R_Harris  1  /Users/meurer/SINGG/HSINGG/Run03/Proc4/J1303-17b/ J1303-17b_R_ss.fits J1303-17b_6568_ss.fits J1303-17b_Rsub_ss.fits
J1303-17b Run04s 6568/28 R_Harris  2  /Users/meurer/SINGG/HSINGG/Run04s/Proc4/J1303-17b/ J1303-17b_R_ss.fits J1303-17b_6568_ss.fits J1303-17b_Rsub_ss.fits
J1304-10 Run04 6628/33 R_Harris  1  /Users/meurer/SINGG/HSINGG/Run04/Proc4/J1304-10/ J1304-10_R_ss.fits J1304-10_6628_ss.fits J1304-10_Rsub_ss.fits
J1306-17 Run08 6605/32 R_Harris  1  /Users/meurer/SINGG/HSINGG/Run08/Proc4/J1306-17/ J1306-17_R_ss.fits J1306-17_6605_ss.fits J1306-17_Rsub_ss.fits
J1308-16 Run13 6595/36 R_Harris  1  /Users/meurer/SINGG/HSINGG/Run13/Proc4/J1308-16/ J1308-16_R_ss.fits J1308-16_6595_ss.fits J1308-16_Rsub_ss.fits
J1309-27 Run05 6568/28 R_Harris  1  /Users/meurer/SINGG/HSINGG/Run05/Proc4/J1309-27/ J1309-27_R_ss.fits J1309-27_6568_ss.fits J1309-27_Rsub_ss.fits
J1309-27 Run08 6568/28 R_Harris  1  /Users/meurer/SINGG/HSINGG/Run08/Proc4/J1309-27/ J1309-27_R_ss.fits J1309-27_6568_ss.fits J1309-27_Rsub_ss.fits
J1318-21 Run03 6568/28 R_Harris  1  /Users/meurer/SINGG/HSINGG/Run03/Proc4/J1318-21/ J1318-21_R_ss.fits J1318-21_6568_ss.fits J1318-21_Rsub_ss.fits
J1320-12 Run09 6605/32 R_Harris  2  /Users/meurer/SINGG/HSINGG/Run09/Proc4/J1320-12/ J1320-12_R_ss.fits J1320-12_6605_ss.fits J1320-12_Rsub_ss.fits
J1321-31 Run03 6568/28 R_Harris  1  /Users/meurer/SINGG/HSINGG/Run03/Proc4/J1321-31/ J1321-31_R_ss.fits J1321-31_6568_ss.fits J1321-31_Rsub_ss.fits
J1321-31 Run17 6568/28 R_Harris  1  /Users/meurer/SINGG/HSINGG/Run17/Proc4/J1321-31/ J1321-31_R_ss.fits J1321-31_6568_ss.fits J1321-31_Rsub_ss.fits
J1322-28 Run13 6595/36 R_Harris  1  /Users/meurer/SINGG/HSINGG/Run13/Proc4/J1322-28/ J1322-28_R_ss.fits J1322-28_6595_ss.fits J1322-28_Rsub_ss.fits
J1322-28 Run17 6595/36 R_Harris  1  /Users/meurer/SINGG/HSINGG/Run17/Proc4/J1322-28/ J1322-28_R_ss.fits J1322-28_6595_ss.fits J1322-28_Rsub_ss.fits
J1325-12 Run17 6595/36 R_Harris  1  /Users/meurer/SINGG/HSINGG/Run17/Proc4/J1325-12/ J1325-12_R_ss.fits J1325-12_6595_ss.fits J1325-12_Rsub_ss.fits
J1328+02 Run13 6595/36 R_Harris  1  /Users/meurer/SINGG/HSINGG/Run13/Proc4/J1328+02/ J1328+02_R_ss.fits J1328+02_6595_ss.fits J1328+02_Rsub_ss.fits
J1329-17 Run13 6605/32 R_Harris  1  /Users/meurer/SINGG/HSINGG/Run13/Proc4/J1329-17/ J1329-17_R_ss.fits J1329-17_6605_ss.fits J1329-17_Rsub_ss.fits
J1337-28 Run03 6568/28 R_Harris  1  /Users/meurer/SINGG/HSINGG/Run03/Proc4/J1337-28/ J1337-28_R_ss.fits J1337-28_6568_ss.fits J1337-28_Rsub_ss.fits
J1337-28 Run05 6568/28 R_Harris  1  /Users/meurer/SINGG/HSINGG/Run05/Proc4/J1337-28/ J1337-28_R_ss.fits J1337-28_6568_ss.fits J1337-28_Rsub_ss.fits
J1337-28 Run08 6568/28 R_Harris  1  /Users/meurer/SINGG/HSINGG/Run08/Proc4/J1337-28/ J1337-28_R_ss.fits J1337-28_6568_ss.fits J1337-28_Rsub_ss.fits
J1337-29 Run03 6568/28 R_Harris  1  /Users/meurer/SINGG/HSINGG/Run03/Proc4/J1337-29/ J1337-29_R_ss.fits J1337-29_6568_ss.fits J1337-29_Rsub_ss.fits
J1337-29 Run04s 6568/28 R_Harris  1  /Users/meurer/SINGG/HSINGG/Run04s/Proc4/J1337-29/ J1337-29_R_ss.fits J1337-29_6568_ss.fits J1337-29_Rsub_ss.fits
J1338-09 Run09 6605/32 R_Harris  1  /Users/meurer/SINGG/HSINGG/Run09/Proc4/J1338-09/ J1338-09_R_ss.fits J1338-09_6605_ss.fits J1338-09_Rsub_ss.fits
J1338-09 Run10 6600/75 R_Harris  1  /Users/meurer/SINGG/HSINGG/Run10/Proc4/J1338-09/ J1338-09_R_ss.fits J1338-09_6600_ss.fits J1338-09_Rsub_ss.fits
J1338-17 Run09 6605/32 R_Harris  1  /Users/meurer/SINGG/HSINGG/Run09/Proc4/J1338-17/ J1338-17_R_ss.fits J1338-17_6605_ss.fits J1338-17_Rsub_ss.fits
J1339-31 Run03 6568/28 R_Harris  2  /Users/meurer/SINGG/HSINGG/Run03/Proc4/J1339-31b/ J1339-31b_R_ss.fits J1339-31b_6568_ss.fits J1339-31b_Rsub_ss.fits
J1339-31 Run13 6781/78 R_Harris  2  /Users/meurer/SINGG/HSINGG/Run13/Proc4/J1339-31/ J1339-31_R_ss.fits J1339-31_6781_ss.fits J1339-31_6781_Rsub_ss.fits
J1339-31 Run17 6568/28 R_Harris  2  /Users/meurer/SINGG/HSINGG/Run17/Proc4/J1339-31/ J1339-31_R_ss.fits J1339-31_6568_ss.fits J1339-31_6568_Rsub_ss.fits
J1339-31 Run17 6826/78 R_Harris  2  /Users/meurer/SINGG/HSINGG/Run17/Proc4/J1339-31/ J1339-31_R_ss.fits J1339-31_6826_ss.fits J1339-31_6826_Rsub_ss.fits
J1339-31A Run03 6568/28 R_Harris  1  /Users/meurer/SINGG/HSINGG/Run03/Proc4/J1339-31b/ J1339-31b_R_ss.fits J1339-31b_6568_ss.fits J1339-31b_Rsub_ss.fits
J1339-31A Run13 6781/78 R_Harris  1  /Users/meurer/SINGG/HSINGG/Run13/Proc4/J1339-31/ J1339-31_R_ss.fits J1339-31_6781_ss.fits J1339-31_6781_Rsub_ss.fits
J1339-31A Run17 6568/28 R_Harris  1  /Users/meurer/SINGG/HSINGG/Run17/Proc4/J1339-31/ J1339-31_R_ss.fits J1339-31_6568_ss.fits J1339-31_6568_Rsub_ss.fits
J1339-31A Run17 6826/78 R_Harris  1  /Users/meurer/SINGG/HSINGG/Run17/Proc4/J1339-31/ J1339-31_R_ss.fits J1339-31_6826_ss.fits J1339-31_6826_Rsub_ss.fits
J1341-29 Run03 6568/28 R_Harris  1  /Users/meurer/SINGG/HSINGG/Run03/Proc4/J1341-29/ J1341-29_R_ss.fits J1341-29_6568_ss.fits J1341-29_Rsub_ss.fits
J1349-12 Run11 6605/32 R_Harris  1  /Users/meurer/SINGG/HSINGG/Run11/Proc4/J1349-12/ J1349-12_R_ss.fits J1349-12_6605_ss.fits J1349-12_Rsub_ss.fits
J1349-12 Run13 6605/32 R_Harris  1  /Users/meurer/SINGG/HSINGG/Run13/Proc4/J1349-12/ J1349-12_R_ss.fits J1349-12_6605_ss.fits J1349-12_Rsub_ss.fits
J1355-23 Run09 6605/32 R_Harris  2  /Users/meurer/SINGG/HSINGG/Run09/Proc4/J1355-23/ J1355-23_R_ss.fits J1355-23_6605_ss.fits J1355-23_Rsub_ss.fits
J1355-23 Run13 6605/32 R_Harris  2  /Users/meurer/SINGG/HSINGG/Run13/Proc4/J1355-23/ J1355-23_R_ss.fits J1355-23_6605_ss.fits J1355-23_Rsub_ss.fits
J1355-23 Run17 6568/28 R_Harris  2  /Users/meurer/SINGG/HSINGG/Run17/Proc4/J1355-23/ J1355-23_R_ss.fits J1355-23_6568_ss.fits J1355-23_6568_Rsub_ss.fits
J1355-23 Run17 6605/32 R_Harris  2  /Users/meurer/SINGG/HSINGG/Run17/Proc4/J1355-23/ J1355-23_R_ss.fits J1355-23_6605_ss.fits J1355-23_6605_Rsub_ss.fits
J1403-06 Run04 6628/33 R_Harris  4  /Users/meurer/SINGG/HSINGG/Run04/Proc4/J1403-06/ J1403-06_R_ss.fits J1403-06_6628_ss.fits J1403-06_Rsub_ss.fits
J1403-27 Run09 6605/32 R_Harris  1  /Users/meurer/SINGG/HSINGG/Run09/Proc4/J1403-27/ J1403-27_R_ss.fits J1403-27_6605_ss.fits J1403-27_Rsub_ss.fits
J1404-24 Run04 6605/32 R_Harris  3  /Users/meurer/SINGG/HSINGG/Run04/Proc4/J1404-24/ J1404-24_R_ss.fits J1404-24_6605_ss.fits J1404-24_Rsub_ss.fits
J1404-24 Run08 6628/33 R_Harris  3  /Users/meurer/SINGG/HSINGG/Run08/Proc4/J1404-24/ J1404-24_R_ss.fits J1404-24_6628_ss.fits J1404-24_Rsub_ss.fits
J1408-21 Run13 6738/50 R_Harris  4  /Users/meurer/SINGG/HSINGG/Run13/Proc4/J1408-21/ J1408-21_R_ss.fits J1408-21_6738_ss.fits J1408-21_Rsub_ss.fits
J1417-13 Run13 6653/68 R_Harris  2  /Users/meurer/SINGG/HSINGG/Run13/Proc4/J1417-13/ J1417-13_R_ss.fits J1417-13_6653_ss.fits J1417-13_Rsub_ss.fits
J1417-19 Run13 6738/50 R_Harris  1  /Users/meurer/SINGG/HSINGG/Run13/Proc4/J1417-19/ J1417-19_R_ss.fits J1417-19_6738_ss.fits J1417-19_Rsub_ss.fits
J1419-26 Run13 6709/71 R_Harris  2  /Users/meurer/SINGG/HSINGG/Run13/Proc4/J1419-26/ J1419-26_R_ss.fits J1419-26_6709_ss.fits J1419-26_Rsub_ss.fits
J1422-17 Run08 6738/50 R_Harris  2  /Users/meurer/SINGG/HSINGG/Run08/Proc4/J1422-17/ J1422-17_R_ss.fits J1422-17_6738_ss.fits J1422-17_Rsub_ss.fits
J1422-17 Run17 6781/78 R_Harris  2  /Users/meurer/SINGG/HSINGG/Run17/Proc4/J1422-17/ J1422-17_R_ss.fits J1422-17_6781_ss.fits J1422-17_Rsub_ss.fits
J1423+01 Run11 6605/32 R_Harris  1  /Users/meurer/SINGG/HSINGG/Run11/Proc4/J1423+01/ J1423+01_R_ss.fits J1423+01_6605_ss.fits J1423+01_Rsub_ss.fits
J1423+01 Run13 6605/32 R_Harris  1  /Users/meurer/SINGG/HSINGG/Run13/Proc4/J1423+01/ J1423+01_R_ss.fits J1423+01_6605_ss.fits J1423+01_Rsub_ss.fits
J1429-00 Run10 6605/32 R_Harris  1  /Users/meurer/SINGG/HSINGG/Run10/Proc4/J1429-00/ J1429-00_R_ss.fits J1429-00_6605_ss.fits J1429-00_Rsub_ss.fits
J1429-00 Run13 6605/32 R_Harris  1  /Users/meurer/SINGG/HSINGG/Run13/Proc4/J1429-00/ J1429-00_R_ss.fits J1429-00_6605_ss.fits J1429-00_Rsub_ss.fits
J1442-08 Run10 6605/32 R_Harris  1  /Users/meurer/SINGG/HSINGG/Run10/Proc4/J1442-08/ J1442-08_R_ss.fits J1442-08_6605_ss.fits J1442-08_Rsub_ss.fits
J1444+01 Run10 6605/32 R_Harris  1  /Users/meurer/SINGG/HSINGG/Run10/Proc4/J1444+01/ J1444+01_R_ss.fits J1444+01_6605_ss.fits J1444+01_6605_Rsub_ss.fits
J1445+01 Run10 6605/32 R_Harris  1  /Users/meurer/SINGG/HSINGG/Run10/Proc4/J1445+01/ J1445+01_R_ss.fits J1445+01_6605_ss.fits J1445+01_Rsub_ss.fits
J1447-17 Run09 6605/32 R_Harris  1  /Users/meurer/SINGG/HSINGG/Run09/Proc4/J1447-17/ J1447-17_R_ss.fits J1447-17_6605_ss.fits J1447-17_Rsub_ss.fits
J1448-03 Run05 6568/28 R_Harris  1  /Users/meurer/SINGG/HSINGG/Run05/Proc4/J1448-03/ J1448-03_R_ss.fits J1448-03_6568_ss.fits J1448-03_Rsub_ss.fits
J1448-03 Run11 6595/36 R_Harris  1  /Users/meurer/SINGG/HSINGG/Run11/Proc4/J1448-03/ J1448-03_R_ss.fits J1448-03_6595_ss.fits J1448-03_Rsub_ss.fits
J1455-19 Run13 6653/68 R_Harris  3  /Users/meurer/SINGG/HSINGG/Run13/Proc4/J1455-19/ J1455-19_R_ss.fits J1455-19_6653_ss.fits J1455-19_Rsub_ss.fits
J1500+01 Run11 6605/32 R_Harris  1  /Users/meurer/SINGG/HSINGG/Run11/Proc4/J1500+01/ J1500+01_R_ss.fits J1500+01_6605_ss.fits J1500+01_Rsub_ss.fits
J1500+01 Run17 6605/32 R_Harris  1  /Users/meurer/SINGG/HSINGG/Run17/Proc4/J1500+01/ J1500+01_R_ss.fits J1500+01_6605_ss.fits J1500+01_Rsub_ss.fits
J1509-11 Run10 6605/32 R_Harris  2  /Users/meurer/SINGG/HSINGG/Run10/Proc4/J1509-11/ J1509-11_R_ss.fits J1509-11_6605_ss.fits J1509-11_Rsub_ss.fits
J1513-20 Run10 6600/75 R_Harris  3  /Users/meurer/SINGG/HSINGG/Run10/Proc4/J1513-20/ J1513-20_R_ss.fits J1513-20_6600_ss.fits J1513-20_Rsub_ss.fits
J1558-10 Run04s 6568/28 R_Harris  1  /Users/meurer/SINGG/HSINGG/Run04s/Proc4/J1558-10/ J1558-10_R_ss.fits J1558-10_6568_ss.fits J1558-10_Rsub_ss.fits
J1558-10 Run11 6595/36 R_Harris  1  /Users/meurer/SINGG/HSINGG/Run11/Proc4/J1558-10/ J1558-10_R_ss.fits J1558-10_6595_ss.fits J1558-10_Rsub_ss.fits
J1609-04 Run08 6568/28 R_Harris  1  /Users/meurer/SINGG/HSINGG/Run08/Proc4/J1609-04/ J1609-04_R_ss.fits J1609-04_6568_ss.fits J1609-04_Rsub_ss.fits
J1621-02 Run09 6605/32 R_Harris  1  /Users/meurer/SINGG/HSINGG/Run09/Proc4/J1621-02/ J1621-02_R_ss.fits J1621-02_6605_ss.fits J1621-02_Rsub_ss.fits
J1954-58 Run06 6605/32 R_Harris  1  /Users/meurer/SINGG/HSINGG/Run06/Proc4/J1954-58/ J1954-58_R_ss.fits J1954-58_6605_ss.fits J1954-58_Rsub_ss.fits
J1956-50 Run15 6693/76 R_Harris  3  /Users/meurer/SINGG/HSINGG/Run15/Proc4/J1956-50/ J1956-50_R_ss.fits J1956-50_6696_ss.fits J1956-50_Rsub_ss.fits
J2009-61 Run04s 6568/28 R_Harris  1  /Users/meurer/SINGG/HSINGG/Run04s/Proc4/J2009-61/ J2009-61_R_ss.fits J2009-61_6568_ss.fits J2009-61_Rsub_ss.fits
J2009-61 Run05 6568/28 R_Harris  1  /Users/meurer/SINGG/HSINGG/Run05/Proc4/J2009-61/ J2009-61_R_ss.fits J2009-61_6568_ss.fits J2009-61_Rsub_ss.fits
J2009-61 Run06 6568/28 R_Harris  1  /Users/meurer/SINGG/HSINGG/Run06/Proc4/J2009-61/ J2009-61_R_ss.fits J2009-61_6568_ss.fits J2009-61_Rsub_ss.fits
J2022-31 Run06 6628/33 R_Harris  1  /Users/meurer/SINGG/HSINGG/Run06/Proc4/J2022-31/ J2022-31_R_ss.fits J2022-31_6628_ss.fits J2022-31_Rsub_ss.fits
J2024-43 Run04 6628/33 R_Harris  1  /Users/meurer/SINGG/HSINGG/Run04/Proc4/J2024-43/ J2024-43_R_ss.fits J2024-43_6628_ss.fits J2024-43_Rsub_ss.fits
J2025-24 Run11 6628/33 R_Harris  1  /Users/meurer/SINGG/HSINGG/Run11/Proc4/J2025-24/ J2025-24_R_ss.fits J2025-24_6628_ss.fits J2025-24_Rsub_ss.fits
J2027-51 Run15 6693/76 R_Harris  4  /Users/meurer/SINGG/HSINGG/Run15/Proc4/J2027-51/ J2027-51_R_ss.fits J2027-51_6696_ss.fits J2027-51_Rsub_ss.fits
J2030-33 Run04 6628/33 R_Harris  3  /Users/meurer/SINGG/HSINGG/Run04/Proc4/J2030-33/ J2030-33_R_ss.fits J2030-33_6628_ss.fits J2030-33_Rsub_ss.fits
J2031-30 Run11 6628/33 R_Harris  2  /Users/meurer/SINGG/HSINGG/Run11/Proc4/J2031-30/ J2031-30_R_ss.fits J2031-30_6628_ss.fits J2031-30_Rsub_ss.fits
J2031-30 Run15 6628/33 R_Harris  2  /Users/meurer/SINGG/HSINGG/Run15/Proc4/J2031-30/ J2031-30_R_ss.fits J2031-30_6628_ss.fits J2031-30_Rsub_ss.fits
J2034-31 Run11 6628/33 R_Harris  1  /Users/meurer/SINGG/HSINGG/Run11/Proc4/J2034-31/ J2034-31_R_ss.fits J2034-31_6628_ss.fits J2034-31_Rsub_ss.fits
J2034-31 Run15 6628/33 R_Harris  1  /Users/meurer/SINGG/HSINGG/Run15/Proc4/J2034-31/ J2034-31_R_ss.fits J2034-31_6628_ss.fits J2034-31_Rsub_ss.fits
J2039-63 Run10 6605/32 R_Harris  1  /Users/meurer/SINGG/HSINGG/Run10/Proc4/J2039-63/ J2039-63_R_ss.fits J2039-63_6605_ss.fits J2039-63_Rsub_ss.fits
J2044-68 Run04 6628/33 R_Harris  1  /Users/meurer/SINGG/HSINGG/Run04/Proc4/J2044-68/ J2044-68_R_ss.fits J2044-68_6628_ss.fits J2044-68_Rsub_ss.fits
J2052-69 Run01 6568/28 R_Harris  1  /Users/meurer/SINGG/HSINGG/Run01/Proc4/J2052-69/ J2052-69_R_ss.fits J2052-69_6568_ss.fits J2052-69_Rsub_ss.fits
J2056-16 Run10 6605/32 R_Harris  1  /Users/meurer/SINGG/HSINGG/Run10/Proc4/J2056-16/ J2056-16_R_ss.fits J2056-16_6605_ss.fits J2056-16_Rsub_ss.fits
J2102-16 Run06 6605/32 R_Harris  1  /Users/meurer/SINGG/HSINGG/Run06/Proc4/J2102-16/ J2102-16_R_ss.fits J2102-16_6605_ss.fits J2102-16_Rsub_ss.fits
J2127-60 Run11 6605/32 R_Harris  1  /Users/meurer/SINGG/HSINGG/Run11/Proc4/J2127-60/ J2127-60_R_ss.fits J2127-60_6605_ss.fits J2127-60_Rsub_ss.fits
J2129-52 Run05 6568/28 R_Harris  1  /Users/meurer/SINGG/HSINGG/Run05/Proc4/J2129-52/ J2129-52_R_ss.fits J2129-52_6568_ss.fits J2129-52_Rsub_ss.fits
J2129-52 Run11 6595/36 R_Harris  1  /Users/meurer/SINGG/HSINGG/Run11/Proc4/J2129-52/ J2129-52_R_ss.fits J2129-52_6595_ss.fits J2129-52_Rsub_ss.fits
J2135-63 Run04 6628/33 R_Harris  1  /Users/meurer/SINGG/HSINGG/Run04/Proc4/J2135-63/ J2135-63_R_ss.fits J2135-63_6628_ss.fits J2135-63_Rsub_ss.fits
J2136-54 Run04s 6568/28 R_Harris  1  /Users/meurer/SINGG/HSINGG/Run04s/Proc4/J2136-54/ J2136-54_R_ss.fits J2136-54_6568_ss.fits J2136-54_Rsub_ss.fits
J2136-54 Run05 6568/28 R_Harris  1  /Users/meurer/SINGG/HSINGG/Run05/Proc4/J2136-54/ J2136-54_R_ss.fits J2136-54_6568_ss.fits J2136-54_Rsub_ss.fits
J2136-54 Run07 6568/28 R_Harris  1  /Users/meurer/SINGG/HSINGG/Run07/Proc4/J2136-54/ J2136-54_R_ss.fits J2136-54_6568_ss.fits J2136-54_Rsub_ss.fits
J2142-06 Run10 6605/32 R_Harris  1  /Users/meurer/SINGG/HSINGG/Run10/Proc4/J2142-06/ J2142-06_R_ss.fits J2142-06_6605_ss.fits J2142-06_Rsub_ss.fits
J2149-60 Run06 6628/33 R_Harris  3  /Users/meurer/SINGG/HSINGG/Run06/Proc4/J2149-60/ J2149-60_R_ss.fits J2149-60_6628_ss.fits J2149-60_Rsub_ss.fits
J2152-55 Run04 6628/33 R_Harris  1  /Users/meurer/SINGG/HSINGG/Run04/Proc4/J2152-55/ J2152-55_R_ss.fits J2152-55_6628_ss.fits J2152-55_Rsub_ss.fits
J2157-60 Run11 6605/32 R_Harris  1  /Users/meurer/SINGG/HSINGG/Run11/Proc4/J2157-60/ J2157-60_R_ss.fits J2157-60_6605_ss.fits J2157-60_Rsub_ss.fits
J2202-20 Run06 6628/33 R_Harris  2  /Users/meurer/SINGG/HSINGG/Run06/Proc4/J2202-20/ J2202-20_R_ss.fits J2202-20_6628_ss.fits J2202-20_Rsub_ss.fits
J2205-22 Run12 6653/68 R_Harris  1  /Users/meurer/SINGG/HSINGG/Run12/Proc4/J2205-22/ J2205-22_R_ss.fits J2205-22_6653_ss.fits J2205-22_6653_Rsub_ss.fits
J2205-22 Run12 6709/71 R_Harris  1  /Users/meurer/SINGG/HSINGG/Run12/Proc4/J2205-22/ J2205-22_R_ss.fits J2205-22_6709_ss.fits J2205-22_6709_Rsub_ss.fits
J2207-43 Run10 6605/32 R_Harris  2  /Users/meurer/SINGG/HSINGG/Run10/Proc4/J2207-43/ J2207-43_R_ss.fits J2207-43_6605_ss.fits J2207-43_Rsub_ss.fits
J2214-66 Run06 6605/32 R_Harris  1  /Users/meurer/SINGG/HSINGG/Run06/Proc4/J2214-66/ J2214-66_R_ss.fits J2214-66_6605_ss.fits J2214-66_Rsub_ss.fits
J2215-45a Run10 6605/32 R_Harris  2  /Users/meurer/SINGG/HSINGG/Run10/Proc4/J2215-45a/ J2215-45a_R_ss.fits J2215-45a_6605_ss.fits J2215-45a_Rsub_ss.fits
J2215-45b Run10 6605/32 R_Harris  1  /Users/meurer/SINGG/HSINGG/Run10/Proc4/J2215-45a/ J2215-45a_R_ss.fits J2215-45a_6605_ss.fits J2215-45a_Rsub_ss.fits
J2217-42 Run06 6605/32 R_Harris  1  /Users/meurer/SINGG/HSINGG/Run06/Proc4/J2217-42/ J2217-42_R_ss.fits J2217-42_6605_ss.fits J2217-42_Rsub_ss.fits
J2220-46 Run06 6568/28 R_Harris  1  /Users/meurer/SINGG/HSINGG/Run06/Proc4/J2220-46/ J2220-46_R_ss.fits J2220-46_6568_ss.fits J2220-46_Rsub_ss.fits
J2220-46 Run11 6595/36 R_Harris  1  /Users/meurer/SINGG/HSINGG/Run11/Proc4/J2220-46/ J2220-46_R_ss.fits J2220-46_6595_ss.fits J2220-46_Rsub_ss.fits
J2222-48 Run01 6568/28 R_Harris  1  /Users/meurer/SINGG/HSINGG/Run01/Proc4/J2222-48/ J2222-48_R_ss.fits J2222-48_6568_ss.fits J2222-48_Rsub_ss.fits
J2233-40 Run11 6605/32 R_Harris  3  /Users/meurer/SINGG/HSINGG/Run11/Proc4/J2233-40/ J2233-40_R_ss.fits J2233-40_6605_ss.fits J2233-40_Rsub_ss.fits
J2234-04 Run06 6568/28 R_Harris  1  /Users/meurer/SINGG/HSINGG/Run06/Proc4/J2234-04/ J2234-04_R_ss.fits J2234-04_6568_ss.fits J2234-04_Rsub_ss.fits
J2235-26 Run11 6605/32 R_Harris  1  /Users/meurer/SINGG/HSINGG/Run11/Proc4/J2235-26/ J2235-26_R_ss.fits J2235-26_6605_ss.fits J2235-26_Rsub_ss.fits
J2239-04 Run11 6568/28 R_Harris  1  /Users/meurer/SINGG/HSINGG/Run11/Proc4/J2239-04/ J2239-04_R_ss.fits J2239-04_6568_ss.fits J2239-04_Rsub_ss.fits
J2242-06 Run12 6595/36 R_Harris  1  /Users/meurer/SINGG/HSINGG/Run12/Proc4/J2242-06/ J2242-06_R_ss.fits J2242-06_6595_ss.fits J2242-06_Rsub_ss.fits
J2242-30 Run11 6595/36 R_Harris  2  /Users/meurer/SINGG/HSINGG/Run11/Proc4/J2242-30/ J2242-30_R_ss.fits J2242-30_6595_ss.fits J2242-30_Rsub_ss.fits
J2242-30 Run12 6595/36 R_Harris  1  /Users/meurer/SINGG/HSINGG/Run12/Proc4/J2242-30/ J2242-30_R_ss.fits J2242-30_6595_ss.fits J2242-30_Rsub_ss.fits
J2254-26 Run11 6568/28 R_Harris  1  /Users/meurer/SINGG/HSINGG/Run11/Proc4/J2254-26/ J2254-26_R_ss.fits J2254-26_6568_ss.fits J2254-26_Rsub_ss.fits
J2254-26 Run15 6563/75 R_Harris  1  /Users/meurer/SINGG/HSINGG/Run15/Proc4/J2254-26/ J2254-26_R_ss.fits J2254-26_6563_ss.fits J2254-26_Rsub_ss.fits
J2255-34 Run15 6595/36 R_Harris  1  /Users/meurer/SINGG/HSINGG/Run15/Proc4/J2255-34/ J2255-34_R_ss.fits J2255-34_6595_ss.fits J2255-34_Rsub_ss.fits
J2257-41 Run06 6568/28 R_Harris  1  /Users/meurer/SINGG/HSINGG/Run06/Proc4/J2257-41/ J2257-41_R_ss.fits J2257-41_6568_ss.fits J2257-41_Rsub_ss.fits
J2257-41 Run11 6595/36 R_Harris  1  /Users/meurer/SINGG/HSINGG/Run11/Proc4/J2257-41/ J2257-41_R_ss.fits J2257-41_6595_ss.fits J2257-41_Rsub_ss.fits
J2257-42 Run01 6568/28 R_Harris  1  /Users/meurer/SINGG/HSINGG/Run01/Proc4/J2257-42/ J2257-42_R_ss.fits J2257-42_6568_ss.fits J2257-42_Rsub_ss.fits
J2257-42 Run11 6595/36 R_Harris  1  /Users/meurer/SINGG/HSINGG/Run11/Proc4/J2257-42/ J2257-42_R_ss.fits J2257-42_6595_ss.fits J2257-42_Rsub_ss.fits
J2259-37 Run15 6595/36 R_Harris  1  /Users/meurer/SINGG/HSINGG/Run15/Proc4/J2259-37/ J2259-37_R_ss.fits J2259-37_6595_ss.fits J2259-37_Rsub_ss.fits
J2300-37 Run15 6595/36 R_Harris  1  /Users/meurer/SINGG/HSINGG/Run15/Proc4/J2300-37/ J2300-37_R_ss.fits J2300-37_6595_ss.fits J2300-37_Rsub_ss.fits
J2302-40 Run15 6595/36 R_Harris  1  /Users/meurer/SINGG/HSINGG/Run15/Proc4/J2302-40/ J2302-40_R_ss.fits J2302-40_6595_ss.fits J2302-40_Rsub_ss.fits
J2318-42a Run10 6605/32 R_Harris  3  /Users/meurer/SINGG/HSINGG/Run10/Proc4/J2318-42a/ J2318-42a_R_ss.fits J2318-42a_6605_ss.fits J2318-42a_Rsub_ss.fits
J2326-37 Run06 6568/28 R_Harris  1  /Users/meurer/SINGG/HSINGG/Run06/Proc4/J2326-37/ J2326-37_R_ss.fits J2326-37_6568_ss.fits J2326-37_Rsub_ss.fits
J2334-36 Run01 6568/28 R_Harris  1  /Users/meurer/SINGG/HSINGG/Run01/Proc4/J2334-36/ J2334-36_R_ss.fits J2334-36_6568_ss.fits J2334-36_Rsub_ss.fits
J2334-45b Run06 6605/32 R_Harris  1  /Users/meurer/SINGG/HSINGG/Run06/Proc4/J2334-45b/ J2334-45b_R_ss.fits J2334-45b_6605_ss.fits J2334-45b_Rsub_ss.fits
J2336-37a Run01 6568/28 R_Harris  1  /Users/meurer/SINGG/HSINGG/Run01/Proc4/J2336-37a/ J2336-37a_R_ss.fits J2336-37a_6568_ss.fits J2336-37a_Rsub_ss.fits
J2337-47 Run15 6628/33 R_Harris  1  /Users/meurer/SINGG/HSINGG/Run15/Proc4/J2337-47/ J2337-47_R_ss.fits J2337-47_6628_ss.fits J2337-47_Rsub_ss.fits
J2343-31 Run06 6568/28 R_Harris  1  /Users/meurer/SINGG/HSINGG/Run06/Proc4/J2343-31/ J2343-31_R_ss.fits J2343-31_6568_ss.fits J2343-31_Rsub_ss.fits
J2349-37 Run01 6568/28 R_Harris  1  /Users/meurer/SINGG/HSINGG/Run01/Proc4/J2349-37/ J2349-37_R_ss.fits J2349-37_6568_ss.fits J2349-37_Rsub_ss.fits
J2350-40b Run07 6568/28 R_Harris  1  /Users/meurer/SINGG/HSINGG/Run07/Proc4/J2350-40b/ J2350-40b_R_ss.fits J2350-40b_6568_ss.fits J2350-40b_Rsub_ss.fits
J2350-40b Run11 6568/28 R_Harris  1  /Users/meurer/SINGG/HSINGG/Run11/Proc4/J2350-40b/ J2350-40b_R_ss.fits J2350-40b_6568_ss.fits J2350-40b_Rsub_ss.fits
J2350-40b Run15 6563/75 R_Harris  1  /Users/meurer/SINGG/HSINGG/Run15/Proc4/J2350-40b/ J2350-40b_R_ss.fits J2350-40b_6563_ss.fits J2350-40b_Rsub_ss.fits
J2352-52 Run01 6568/28 R_Harris  1  /Users/meurer/SINGG/HSINGG/Run01/Proc4/J2352-52/ J2352-52_R_ss.fits J2352-52_6568_ss.fits J2352-52_Rsub_ss.fits
J2355-39 Run15 6563/75 R_Harris  1  /Users/meurer/SINGG/HSINGG/Run15/Proc4/J2355-39/ J2355-39_R_ss.fits J2355-39_6563_ss.fits J2355-39_Rsub_ss.fits
J2357-32 Run11 6568/28 R_Harris  1  /Users/meurer/SINGG/HSINGG/Run11/Proc4/J2357-32/ J2357-32_R_ss.fits J2357-32_6568_ss.fits J2357-32_Rsub_ss.fits
